<?xml version="1.0" encoding="UTF-8"?>
<testng-results ignored="0" total="1" passed="1" failed="0" skipped="0">
  <reporter-output>
  </reporter-output>
  <suite started-at="2019-12-06T05:02:31Z" name="Default suite" finished-at="2019-12-06T05:02:45Z" duration-ms="14133">
    <groups>
    </groups>
    <test started-at="2019-12-06T05:02:31Z" name="Default test" finished-at="2019-12-06T05:02:45Z" duration-ms="14133">
      <class name="com.bridgelabz.selenium.fundoopush.test.LoginTest">
        <test-method signature="loginTest()[pri:0, instance:com.bridgelabz.selenium.fundoopush.test.LoginTest@534df152]" started-at="2019-12-06T05:02:31Z" name="loginTest" finished-at="2019-12-06T05:02:45Z" duration-ms="14091" status="PASS">
          <reporter-output>
          </reporter-output>
        </test-method> <!-- loginTest -->
      </class> <!-- com.bridgelabz.selenium.fundoopush.test.LoginTest -->
    </test> <!-- Default test -->
  </suite> <!-- Default suite -->
</testng-results>
